2019-10-13 14:26:23,376 - train.log - INFO - Reading model parameters from ckpt/ner.ckpt
2019-10-14 10:42:46,105 - train.log - INFO - Reading model parameters from ckpt/ner.ckpt
2019-10-15 11:14:31,864 - train.log - INFO - Reading model parameters from ckpt/ner.ckpt
2019-10-15 14:27:31,790 - train.log - INFO - Reading model parameters from ckpt/ner.ckpt
2019-10-16 16:44:08,199 - train.log - INFO - Reading model parameters from ckpt/ner.ckpt
2019-10-19 08:09:47,946 - train.log - INFO - Reading model parameters from ckpt/ner.ckpt
2019-10-19 08:10:32,477 - train.log - INFO - Reading model parameters from ckpt/ner.ckpt
2019-10-19 08:40:26,901 - train.log - INFO - Reading model parameters from ckpt/ner.ckpt
2019-10-22 17:04:11,751 - train.log - INFO - Reading model parameters from ckpt/ner.ckpt
2019-10-22 17:24:17,793 - train.log - INFO - Reading model parameters from ckpt/ner.ckpt
2019-10-22 17:37:44,408 - train.log - INFO - Reading model parameters from ckpt/ner.ckpt
2019-10-23 08:08:46,337 - train.log - INFO - Reading model parameters from ckpt/ner.ckpt
2019-10-23 08:14:12,628 - train.log - INFO - Reading model parameters from ckpt/ner.ckpt
2019-10-23 08:15:00,892 - train.log - INFO - Reading model parameters from ckpt/ner.ckpt
2019-10-23 08:34:58,181 - train.log - INFO - Reading model parameters from ckpt/ner.ckpt
2019-10-23 08:42:09,806 - train.log - INFO - Reading model parameters from ckpt/ner.ckpt
2019-10-23 08:43:19,770 - train.log - INFO - Reading model parameters from ckpt/ner.ckpt
2019-10-23 08:47:27,669 - train.log - INFO - Reading model parameters from ckpt/ner.ckpt
2019-10-23 08:47:57,733 - train.log - INFO - Reading model parameters from ckpt/ner.ckpt
2019-10-23 08:50:16,262 - train.log - INFO - Reading model parameters from ckpt/ner.ckpt
2019-10-23 08:50:44,269 - train.log - INFO - Reading model parameters from ckpt/ner.ckpt
2019-10-23 09:01:44,981 - train.log - INFO - Reading model parameters from ckpt/ner.ckpt
2019-10-23 09:01:59,406 - train.log - INFO - Reading model parameters from ckpt/ner.ckpt
2019-10-23 09:02:20,174 - train.log - INFO - Reading model parameters from ckpt/ner.ckpt
2019-10-23 09:26:15,804 - train.log - INFO - Reading model parameters from ckpt/ner.ckpt
2019-10-23 09:29:27,158 - train.log - INFO - Reading model parameters from ckpt/ner.ckpt
2019-10-23 14:34:16,566 - train.log - INFO - Reading model parameters from ckpt/ner.ckpt
2019-10-23 14:40:17,822 - train.log - INFO - Reading model parameters from ckpt/ner.ckpt
2019-10-23 14:43:23,459 - train.log - INFO - Reading model parameters from ckpt/ner.ckpt
2019-10-23 14:51:13,224 - train.log - INFO - Reading model parameters from ckpt/ner.ckpt
2019-10-23 14:52:59,021 - train.log - INFO - Reading model parameters from ckpt/ner.ckpt
2019-10-23 15:06:46,913 - train.log - INFO - Reading model parameters from ckpt/ner.ckpt
2019-10-23 15:15:07,163 - train.log - INFO - Reading model parameters from ckpt/ner.ckpt
2019-10-23 15:16:41,416 - train.log - INFO - Reading model parameters from ckpt/ner.ckpt
2019-10-23 15:17:17,024 - train.log - INFO - Reading model parameters from ckpt/ner.ckpt
2019-10-23 15:23:15,543 - train.log - INFO - Reading model parameters from ckpt/ner.ckpt
2019-10-23 16:50:05,757 - train.log - INFO - Reading model parameters from ckpt/ner.ckpt
2019-10-23 16:51:05,487 - train.log - INFO - Reading model parameters from ckpt/ner.ckpt
2019-10-23 17:07:20,939 - train.log - INFO - Reading model parameters from ckpt/ner.ckpt
2019-10-23 17:09:35,531 - train.log - INFO - Reading model parameters from ckpt/ner.ckpt
2019-10-23 17:11:03,057 - train.log - INFO - Reading model parameters from ckpt/ner.ckpt
2019-10-23 17:11:40,524 - train.log - INFO - Reading model parameters from ckpt/ner.ckpt
2019-10-23 17:12:45,203 - train.log - INFO - Reading model parameters from ckpt/ner.ckpt
2019-10-23 17:13:13,919 - train.log - INFO - Reading model parameters from ckpt/ner.ckpt
2019-10-23 17:14:12,693 - train.log - INFO - Reading model parameters from ckpt/ner.ckpt
2019-10-23 17:15:16,041 - train.log - INFO - Reading model parameters from ckpt/ner.ckpt
2019-10-23 17:16:39,902 - train.log - INFO - Reading model parameters from ckpt/ner.ckpt
2019-10-23 17:19:26,213 - train.log - INFO - Reading model parameters from ckpt/ner.ckpt
2019-10-23 17:20:50,596 - train.log - INFO - Reading model parameters from ckpt/ner.ckpt
2019-10-23 17:22:13,284 - train.log - INFO - Reading model parameters from ckpt/ner.ckpt
2019-10-24 08:09:50,299 - train.log - INFO - Reading model parameters from ckpt/ner.ckpt
2019-10-24 08:25:49,809 - train.log - INFO - Reading model parameters from ckpt/ner.ckpt
2019-10-24 08:28:03,116 - train.log - INFO - Reading model parameters from ckpt/ner.ckpt
2019-10-24 08:29:06,339 - train.log - INFO - Reading model parameters from ckpt/ner.ckpt
2019-10-24 08:37:44,790 - train.log - INFO - Reading model parameters from ckpt/ner.ckpt
2019-10-24 08:42:04,209 - train.log - INFO - Reading model parameters from ckpt/ner.ckpt
2019-10-24 08:43:43,497 - train.log - INFO - Reading model parameters from ckpt/ner.ckpt
2019-10-24 08:47:54,717 - train.log - INFO - Reading model parameters from ckpt/ner.ckpt
2019-10-24 08:50:37,593 - train.log - INFO - Reading model parameters from ckpt/ner.ckpt
2019-10-24 08:55:35,405 - train.log - INFO - Reading model parameters from ckpt/ner.ckpt
2019-10-24 08:57:00,189 - train.log - INFO - Reading model parameters from ckpt/ner.ckpt
2019-10-24 08:58:25,564 - train.log - INFO - Reading model parameters from ckpt/ner.ckpt
2019-10-24 09:00:28,886 - train.log - INFO - Reading model parameters from ckpt/ner.ckpt
2019-10-24 09:05:37,945 - train.log - INFO - Reading model parameters from ckpt/ner.ckpt
2019-10-24 09:06:46,278 - train.log - INFO - Reading model parameters from ckpt/ner.ckpt
2019-10-24 09:06:46,278 - train.log - INFO - Reading model parameters from ckpt/ner.ckpt
2019-10-24 09:07:00,711 - train.log - INFO - Reading model parameters from ckpt/ner.ckpt
2019-10-24 09:07:00,711 - train.log - INFO - Reading model parameters from ckpt/ner.ckpt
2019-10-24 09:07:00,711 - train.log - INFO - Reading model parameters from ckpt/ner.ckpt
2019-10-24 09:07:10,611 - train.log - INFO - Reading model parameters from ckpt/ner.ckpt
2019-10-24 09:07:10,611 - train.log - INFO - Reading model parameters from ckpt/ner.ckpt
2019-10-24 09:07:10,611 - train.log - INFO - Reading model parameters from ckpt/ner.ckpt
2019-10-24 09:07:10,611 - train.log - INFO - Reading model parameters from ckpt/ner.ckpt
2019-10-24 09:07:20,926 - train.log - INFO - Reading model parameters from ckpt/ner.ckpt
2019-10-24 09:07:20,926 - train.log - INFO - Reading model parameters from ckpt/ner.ckpt
2019-10-24 09:07:20,926 - train.log - INFO - Reading model parameters from ckpt/ner.ckpt
2019-10-24 09:07:20,926 - train.log - INFO - Reading model parameters from ckpt/ner.ckpt
2019-10-24 09:07:20,926 - train.log - INFO - Reading model parameters from ckpt/ner.ckpt
2019-10-24 09:10:23,434 - train.log - INFO - Reading model parameters from ckpt/ner.ckpt
2019-10-24 09:10:49,401 - train.log - INFO - Reading model parameters from ckpt/ner.ckpt
2019-10-24 09:10:49,401 - train.log - INFO - Reading model parameters from ckpt/ner.ckpt
2019-10-24 09:16:08,607 - train.log - INFO - Reading model parameters from ckpt/ner.ckpt
2019-10-24 09:16:34,420 - train.log - INFO - Reading model parameters from ckpt/ner.ckpt
2019-10-24 09:16:34,420 - train.log - INFO - Reading model parameters from ckpt/ner.ckpt
2019-10-24 09:17:15,140 - train.log - INFO - Reading model parameters from ckpt/ner.ckpt
2019-10-24 09:17:15,140 - train.log - INFO - Reading model parameters from ckpt/ner.ckpt
2019-10-24 09:17:15,140 - train.log - INFO - Reading model parameters from ckpt/ner.ckpt
2019-10-24 09:17:43,771 - train.log - INFO - Reading model parameters from ckpt/ner.ckpt
2019-10-24 09:17:43,771 - train.log - INFO - Reading model parameters from ckpt/ner.ckpt
2019-10-24 09:17:43,771 - train.log - INFO - Reading model parameters from ckpt/ner.ckpt
2019-10-24 09:17:43,771 - train.log - INFO - Reading model parameters from ckpt/ner.ckpt
2019-10-24 09:18:17,389 - train.log - INFO - Reading model parameters from ckpt/ner.ckpt
2019-10-24 09:18:17,389 - train.log - INFO - Reading model parameters from ckpt/ner.ckpt
2019-10-24 09:18:17,389 - train.log - INFO - Reading model parameters from ckpt/ner.ckpt
2019-10-24 09:18:17,389 - train.log - INFO - Reading model parameters from ckpt/ner.ckpt
2019-10-24 09:18:17,389 - train.log - INFO - Reading model parameters from ckpt/ner.ckpt
2019-10-24 09:18:28,471 - train.log - INFO - Reading model parameters from ckpt/ner.ckpt
2019-10-24 09:18:28,471 - train.log - INFO - Reading model parameters from ckpt/ner.ckpt
2019-10-24 09:18:28,471 - train.log - INFO - Reading model parameters from ckpt/ner.ckpt
2019-10-24 09:18:28,471 - train.log - INFO - Reading model parameters from ckpt/ner.ckpt
2019-10-24 09:18:28,471 - train.log - INFO - Reading model parameters from ckpt/ner.ckpt
2019-10-24 09:18:28,471 - train.log - INFO - Reading model parameters from ckpt/ner.ckpt
2019-10-24 09:20:30,819 - train.log - INFO - Reading model parameters from ckpt/ner.ckpt
2019-10-24 09:21:13,836 - train.log - INFO - Reading model parameters from ckpt/ner.ckpt
2019-10-24 09:22:40,270 - train.log - INFO - Reading model parameters from ckpt/ner.ckpt
2019-10-24 09:23:08,019 - train.log - INFO - Reading model parameters from ckpt/ner.ckpt
2019-10-24 09:23:08,019 - train.log - INFO - Reading model parameters from ckpt/ner.ckpt
2019-10-24 09:23:31,130 - train.log - INFO - Reading model parameters from ckpt/ner.ckpt
2019-10-24 09:23:31,130 - train.log - INFO - Reading model parameters from ckpt/ner.ckpt
2019-10-24 09:23:31,130 - train.log - INFO - Reading model parameters from ckpt/ner.ckpt
2019-10-24 09:28:21,492 - train.log - INFO - Reading model parameters from ckpt/ner.ckpt
2019-10-24 09:28:56,815 - train.log - INFO - Reading model parameters from ckpt/ner.ckpt
2019-10-24 09:28:56,815 - train.log - INFO - Reading model parameters from ckpt/ner.ckpt
2019-10-24 09:37:14,326 - train.log - INFO - Reading model parameters from ckpt/ner.ckpt
2019-10-29 14:47:31,058 - train.log - INFO - Reading model parameters from ckpt/ner.ckpt
2019-10-29 14:48:53,026 - train.log - INFO - Reading model parameters from ckpt/ner.ckpt
2019-10-29 14:48:53,026 - train.log - INFO - Reading model parameters from ckpt/ner.ckpt
2019-10-30 14:22:00,477 - train.log - INFO - Reading model parameters from ckpt/ner.ckpt
2019-10-30 14:22:49,829 - train.log - INFO - Reading model parameters from ckpt/ner.ckpt
2019-10-30 14:22:49,829 - train.log - INFO - Reading model parameters from ckpt/ner.ckpt
2019-11-02 17:03:16,127 - train.log - INFO - Reading model parameters from ckpt/ner.ckpt
2019-11-02 17:05:14,525 - train.log - INFO - Reading model parameters from ckpt/ner.ckpt
2019-11-02 17:05:14,525 - train.log - INFO - Reading model parameters from ckpt/ner.ckpt
2019-11-04 08:49:29,917 - train.log - INFO - Reading model parameters from ckpt_body/ner.ckpt
2019-11-04 08:50:15,644 - train.log - INFO - Reading model parameters from ckpt_body/ner.ckpt
2019-11-04 08:51:19,033 - train.log - INFO - Reading model parameters from ckpt_body/ner.ckpt
2019-11-04 09:05:09,949 - train.log - INFO - Reading model parameters from ckpt_body/ner.ckpt
2019-11-04 09:16:03,417 - train.log - INFO - Reading model parameters from ckpt_body/ner.ckpt
2019-11-04 12:34:32,260 - train.log - INFO - Reading model parameters from ckpt/ner.ckpt
2019-11-04 12:35:45,685 - train.log - INFO - Reading model parameters from ckpt/ner.ckpt
2019-11-04 12:36:30,136 - train.log - INFO - Reading model parameters from ckpt/ner.ckpt
2019-11-04 12:37:56,597 - train.log - INFO - Reading model parameters from ckpt/ner.ckpt
2019-11-04 12:47:22,331 - train.log - INFO - Created model with fresh parameters.
2019-11-04 12:47:23,396 - train.log - INFO - Load pre-trained embedding.
2019-11-04 12:48:26,634 - train.log - INFO - Created model with fresh parameters.
2019-11-04 12:48:27,744 - train.log - INFO - Load pre-trained embedding.
2019-11-04 12:48:48,223 - train.log - INFO - Created model with fresh parameters.
2019-11-04 12:48:49,354 - train.log - INFO - Load pre-trained embedding.
2019-11-04 12:51:16,366 - train.log - INFO - Reading model parameters from all_ckpt/ner.ckpt
2019-11-04 12:52:14,907 - train.log - INFO - Reading model parameters from ckpt_body/ner.ckpt
2019-11-04 12:52:55,168 - train.log - INFO - Reading model parameters from all_ckpt/ner.ckpt
2019-11-04 12:53:16,339 - train.log - INFO - Reading model parameters from all_ckpt/ner.ckpt
2019-11-04 12:54:59,292 - train.log - INFO - Reading model parameters from all_ckpt/ner.ckpt
2019-11-04 12:57:22,866 - train.log - INFO - Reading model parameters from all_ckpt/ner.ckpt
2019-11-04 13:01:09,149 - train.log - INFO - Reading model parameters from all_ckpt/ner.ckpt
2019-11-04 13:01:26,613 - train.log - INFO - Reading model parameters from all_ckpt/ner.ckpt
2019-11-04 13:21:10,127 - train.log - INFO - Reading model parameters from all_ckpt/ner.ckpt
2019-11-04 13:26:38,956 - train.log - INFO - Reading model parameters from all_ckpt/ner.ckpt
2019-11-04 14:08:12,166 - train.log - INFO - Reading model parameters from all_ckpt/ner.ckpt
2019-11-04 14:09:43,049 - train.log - INFO - Reading model parameters from all_ckpt/ner.ckpt
2019-11-04 14:11:07,896 - train.log - INFO - Reading model parameters from all_ckpt/ner.ckpt
2019-11-04 14:11:24,262 - train.log - INFO - Reading model parameters from all_ckpt/ner.ckpt
2019-11-04 14:12:10,432 - train.log - INFO - Reading model parameters from all_ckpt/ner.ckpt
2019-11-04 14:16:57,691 - train.log - INFO - Reading model parameters from all_ckpt/ner.ckpt
2019-11-04 14:25:15,509 - train.log - INFO - Reading model parameters from all_ckpt/ner.ckpt
2019-11-04 14:35:20,778 - train.log - INFO - Reading model parameters from all_ckpt/ner.ckpt
2019-11-04 14:37:17,318 - train.log - INFO - Reading model parameters from all_ckpt/ner.ckpt
2019-11-04 14:38:44,841 - train.log - INFO - Reading model parameters from all_ckpt/ner.ckpt
2019-11-04 14:39:46,485 - train.log - INFO - Reading model parameters from all_ckpt/ner.ckpt
2019-11-04 14:42:07,724 - train.log - INFO - Reading model parameters from all_ckpt/ner.ckpt
2019-11-04 14:42:43,712 - train.log - INFO - Reading model parameters from all_ckpt/ner.ckpt
2019-11-04 14:45:50,040 - train.log - INFO - Reading model parameters from all_ckpt/ner.ckpt
2019-11-04 15:23:02,063 - train.log - INFO - Reading model parameters from all_ckpt/ner.ckpt
2019-11-04 15:25:39,016 - train.log - INFO - Reading model parameters from all_ckpt/ner.ckpt
2019-11-04 15:27:43,133 - train.log - INFO - Reading model parameters from all_ckpt/ner.ckpt
2019-11-05 08:12:59,228 - train.log - INFO - Reading model parameters from all_ckpt/ner.ckpt
2019-11-05 08:14:16,299 - train.log - INFO - Reading model parameters from all_ckpt/ner.ckpt
2019-11-05 08:27:38,133 - train.log - INFO - Reading model parameters from all_ckpt/ner.ckpt
2019-11-05 08:30:39,875 - train.log - INFO - Reading model parameters from all_ckpt/ner.ckpt
2019-11-05 08:31:10,903 - train.log - INFO - Reading model parameters from all_ckpt/ner.ckpt
2019-11-05 08:31:33,383 - train.log - INFO - Reading model parameters from all_ckpt/ner.ckpt
2019-11-05 08:34:01,942 - train.log - INFO - Reading model parameters from all_ckpt/ner.ckpt
2019-11-05 08:36:55,389 - train.log - INFO - Reading model parameters from all_ckpt/ner.ckpt
2019-11-05 08:37:14,973 - train.log - INFO - Reading model parameters from all_ckpt/ner.ckpt
2019-11-05 08:39:22,470 - train.log - INFO - Reading model parameters from all_ckpt/ner.ckpt
2019-11-05 08:39:36,211 - train.log - INFO - Reading model parameters from all_ckpt/ner.ckpt
2019-11-05 08:59:05,608 - train.log - INFO - Reading model parameters from all_ckpt/ner.ckpt
2019-11-05 08:59:39,719 - train.log - INFO - Reading model parameters from all_ckpt/ner.ckpt
2019-11-05 09:00:23,253 - train.log - INFO - Reading model parameters from all_ckpt/ner.ckpt
2019-11-05 09:04:12,459 - train.log - INFO - Reading model parameters from all_ckpt/ner.ckpt
2019-11-05 09:06:56,452 - train.log - INFO - Reading model parameters from all_ckpt/ner.ckpt
2019-11-05 09:07:21,421 - train.log - INFO - Reading model parameters from all_ckpt/ner.ckpt
2019-11-05 09:09:25,914 - train.log - INFO - Reading model parameters from all_ckpt/ner.ckpt
2019-11-05 09:11:48,430 - train.log - INFO - Reading model parameters from all_ckpt/ner.ckpt
2019-11-05 09:12:12,298 - train.log - INFO - Reading model parameters from all_ckpt/ner.ckpt
2019-11-05 09:13:10,869 - train.log - INFO - Reading model parameters from all_ckpt/ner.ckpt
2019-11-05 09:21:39,245 - train.log - INFO - Reading model parameters from all_ckpt/ner.ckpt
2019-11-05 09:23:45,358 - train.log - INFO - Reading model parameters from all_ckpt/ner.ckpt
2019-11-05 09:45:21,744 - train.log - INFO - Reading model parameters from all_ckpt/ner.ckpt
2019-11-05 09:49:17,932 - train.log - INFO - Reading model parameters from all_ckpt/ner.ckpt
2019-11-05 09:52:01,907 - train.log - INFO - Reading model parameters from all_ckpt/ner.ckpt
2019-11-05 09:57:56,837 - train.log - INFO - Reading model parameters from all_ckpt/ner.ckpt
2019-11-05 09:58:52,783 - train.log - INFO - Reading model parameters from all_ckpt/ner.ckpt
2019-11-05 09:58:52,783 - train.log - INFO - Reading model parameters from all_ckpt/ner.ckpt
2019-11-05 10:42:12,314 - train.log - INFO - Reading model parameters from all_ckpt/ner.ckpt
2019-11-05 10:51:03,472 - train.log - INFO - Reading model parameters from all_ckpt/ner.ckpt
2019-11-05 10:51:03,472 - train.log - INFO - Reading model parameters from all_ckpt/ner.ckpt
2019-11-05 14:08:37,416 - train.log - INFO - Reading model parameters from all_ckpt/ner.ckpt
2019-11-05 14:09:15,895 - train.log - INFO - Reading model parameters from all_ckpt/ner.ckpt
2019-11-05 14:46:54,765 - train.log - INFO - Reading model parameters from all_ckpt/ner.ckpt
2019-11-05 14:48:12,072 - train.log - INFO - Reading model parameters from all_ckpt/ner.ckpt
2019-11-05 14:49:39,707 - train.log - INFO - Reading model parameters from all_ckpt/ner.ckpt
2019-11-05 14:49:39,707 - train.log - INFO - Reading model parameters from all_ckpt/ner.ckpt
2019-11-05 14:50:28,676 - train.log - INFO - Reading model parameters from all_ckpt/ner.ckpt
2019-11-05 14:50:28,676 - train.log - INFO - Reading model parameters from all_ckpt/ner.ckpt
2019-11-05 14:50:28,676 - train.log - INFO - Reading model parameters from all_ckpt/ner.ckpt
2019-11-05 14:50:45,032 - train.log - INFO - Reading model parameters from all_ckpt/ner.ckpt
2019-11-05 14:51:09,173 - train.log - INFO - Reading model parameters from all_ckpt/ner.ckpt
2019-11-05 14:51:09,173 - train.log - INFO - Reading model parameters from all_ckpt/ner.ckpt
2019-11-05 14:51:39,147 - train.log - INFO - Reading model parameters from all_ckpt/ner.ckpt
2019-11-05 14:51:39,147 - train.log - INFO - Reading model parameters from all_ckpt/ner.ckpt
2019-11-05 14:51:39,147 - train.log - INFO - Reading model parameters from all_ckpt/ner.ckpt
2019-11-05 14:52:30,876 - train.log - INFO - Reading model parameters from all_ckpt/ner.ckpt
2019-11-05 14:52:51,406 - train.log - INFO - Reading model parameters from all_ckpt/ner.ckpt
2019-11-05 14:52:51,406 - train.log - INFO - Reading model parameters from all_ckpt/ner.ckpt
2019-11-05 14:53:01,096 - train.log - INFO - Reading model parameters from all_ckpt/ner.ckpt
2019-11-05 14:53:01,096 - train.log - INFO - Reading model parameters from all_ckpt/ner.ckpt
2019-11-05 14:53:01,096 - train.log - INFO - Reading model parameters from all_ckpt/ner.ckpt
2019-11-05 14:53:08,178 - train.log - INFO - Reading model parameters from all_ckpt/ner.ckpt
2019-11-05 14:53:08,178 - train.log - INFO - Reading model parameters from all_ckpt/ner.ckpt
2019-11-05 14:53:08,178 - train.log - INFO - Reading model parameters from all_ckpt/ner.ckpt
2019-11-05 14:53:08,178 - train.log - INFO - Reading model parameters from all_ckpt/ner.ckpt
2019-11-05 14:53:19,424 - train.log - INFO - Reading model parameters from all_ckpt/ner.ckpt
2019-11-05 14:53:19,424 - train.log - INFO - Reading model parameters from all_ckpt/ner.ckpt
2019-11-05 14:53:19,424 - train.log - INFO - Reading model parameters from all_ckpt/ner.ckpt
2019-11-05 14:53:19,424 - train.log - INFO - Reading model parameters from all_ckpt/ner.ckpt
2019-11-05 14:53:19,424 - train.log - INFO - Reading model parameters from all_ckpt/ner.ckpt
2019-11-05 14:54:34,806 - train.log - INFO - Reading model parameters from all_ckpt/ner.ckpt
2019-11-05 14:55:00,480 - train.log - INFO - Reading model parameters from all_ckpt/ner.ckpt
2019-11-05 14:55:00,480 - train.log - INFO - Reading model parameters from all_ckpt/ner.ckpt
2019-11-05 14:55:17,161 - train.log - INFO - Reading model parameters from all_ckpt/ner.ckpt
2019-11-05 14:55:17,161 - train.log - INFO - Reading model parameters from all_ckpt/ner.ckpt
2019-11-05 14:55:17,161 - train.log - INFO - Reading model parameters from all_ckpt/ner.ckpt
2019-11-05 14:55:57,855 - train.log - INFO - Reading model parameters from all_ckpt/ner.ckpt
2019-11-05 14:55:57,855 - train.log - INFO - Reading model parameters from all_ckpt/ner.ckpt
2019-11-05 14:55:57,855 - train.log - INFO - Reading model parameters from all_ckpt/ner.ckpt
2019-11-05 14:55:57,855 - train.log - INFO - Reading model parameters from all_ckpt/ner.ckpt
2019-11-05 14:58:19,882 - train.log - INFO - Reading model parameters from all_ckpt/ner.ckpt
2019-11-05 15:05:36,929 - train.log - INFO - Reading model parameters from all_ckpt/ner.ckpt
2019-11-05 15:06:34,293 - train.log - INFO - Reading model parameters from all_ckpt/ner.ckpt
2019-11-05 15:06:34,293 - train.log - INFO - Reading model parameters from all_ckpt/ner.ckpt
2019-11-05 15:06:42,311 - train.log - INFO - Reading model parameters from all_ckpt/ner.ckpt
2019-11-05 15:06:42,311 - train.log - INFO - Reading model parameters from all_ckpt/ner.ckpt
2019-11-05 15:06:42,311 - train.log - INFO - Reading model parameters from all_ckpt/ner.ckpt
2019-11-05 15:08:40,228 - train.log - INFO - Reading model parameters from all_ckpt/ner.ckpt
2019-11-05 15:08:40,228 - train.log - INFO - Reading model parameters from all_ckpt/ner.ckpt
2019-11-05 15:08:40,228 - train.log - INFO - Reading model parameters from all_ckpt/ner.ckpt
2019-11-05 15:08:40,228 - train.log - INFO - Reading model parameters from all_ckpt/ner.ckpt
2019-11-06 09:52:28,474 - train.log - INFO - Reading model parameters from all_ckpt/ner.ckpt
2019-11-06 09:54:16,819 - train.log - INFO - Reading model parameters from all_ckpt/ner.ckpt
2019-11-06 09:54:16,819 - train.log - INFO - Reading model parameters from all_ckpt/ner.ckpt
2019-11-06 09:54:26,729 - train.log - INFO - Reading model parameters from all_ckpt/ner.ckpt
2019-11-06 09:54:26,729 - train.log - INFO - Reading model parameters from all_ckpt/ner.ckpt
2019-11-06 09:54:26,729 - train.log - INFO - Reading model parameters from all_ckpt/ner.ckpt
2019-11-06 10:07:29,543 - train.log - INFO - Reading model parameters from all_ckpt/ner.ckpt
2019-11-06 10:08:31,225 - train.log - INFO - Reading model parameters from all_ckpt/ner.ckpt
2019-11-06 10:37:15,143 - train.log - INFO - Reading model parameters from all_ckpt/ner.ckpt
2019-11-06 10:37:15,143 - train.log - INFO - Reading model parameters from all_ckpt/ner.ckpt
2019-11-06 10:48:02,974 - train.log - INFO - Reading model parameters from all_ckpt/ner.ckpt
2019-11-06 10:48:02,974 - train.log - INFO - Reading model parameters from all_ckpt/ner.ckpt
2019-11-06 10:48:02,974 - train.log - INFO - Reading model parameters from all_ckpt/ner.ckpt
2019-11-06 10:48:40,784 - train.log - INFO - Reading model parameters from all_ckpt/ner.ckpt
2019-11-06 10:48:40,784 - train.log - INFO - Reading model parameters from all_ckpt/ner.ckpt
2019-11-06 10:48:40,784 - train.log - INFO - Reading model parameters from all_ckpt/ner.ckpt
2019-11-06 10:48:40,784 - train.log - INFO - Reading model parameters from all_ckpt/ner.ckpt
2019-11-06 11:03:33,569 - train.log - INFO - Reading model parameters from all_ckpt/ner.ckpt
2019-11-06 11:03:50,748 - train.log - INFO - Reading model parameters from all_ckpt/ner.ckpt
2019-11-06 11:03:50,748 - train.log - INFO - Reading model parameters from all_ckpt/ner.ckpt
2019-11-06 11:04:04,810 - train.log - INFO - Reading model parameters from all_ckpt/ner.ckpt
2019-11-06 11:04:04,810 - train.log - INFO - Reading model parameters from all_ckpt/ner.ckpt
2019-11-06 11:04:04,810 - train.log - INFO - Reading model parameters from all_ckpt/ner.ckpt
2019-11-06 11:04:22,852 - train.log - INFO - Reading model parameters from all_ckpt/ner.ckpt
2019-11-06 11:04:22,852 - train.log - INFO - Reading model parameters from all_ckpt/ner.ckpt
2019-11-06 11:04:22,852 - train.log - INFO - Reading model parameters from all_ckpt/ner.ckpt
2019-11-06 11:04:22,852 - train.log - INFO - Reading model parameters from all_ckpt/ner.ckpt
2019-11-06 11:04:46,340 - train.log - INFO - Reading model parameters from all_ckpt/ner.ckpt
2019-11-06 11:04:46,340 - train.log - INFO - Reading model parameters from all_ckpt/ner.ckpt
2019-11-06 11:04:46,340 - train.log - INFO - Reading model parameters from all_ckpt/ner.ckpt
2019-11-06 11:04:46,340 - train.log - INFO - Reading model parameters from all_ckpt/ner.ckpt
2019-11-06 11:04:46,340 - train.log - INFO - Reading model parameters from all_ckpt/ner.ckpt
2019-11-06 14:24:22,609 - train.log - INFO - Reading model parameters from all_ckpt/ner.ckpt
2019-11-06 14:27:43,218 - train.log - INFO - Reading model parameters from all_ckpt/ner.ckpt
2019-11-06 14:28:22,582 - train.log - INFO - Reading model parameters from all_ckpt/ner.ckpt
2019-11-06 14:28:22,582 - train.log - INFO - Reading model parameters from all_ckpt/ner.ckpt
2019-11-06 14:29:12,586 - train.log - INFO - Reading model parameters from all_ckpt/ner.ckpt
2019-11-06 14:29:12,586 - train.log - INFO - Reading model parameters from all_ckpt/ner.ckpt
2019-11-06 14:29:12,586 - train.log - INFO - Reading model parameters from all_ckpt/ner.ckpt
2019-11-06 14:29:27,944 - train.log - INFO - Reading model parameters from all_ckpt/ner.ckpt
2019-11-06 14:29:27,944 - train.log - INFO - Reading model parameters from all_ckpt/ner.ckpt
2019-11-06 14:29:27,944 - train.log - INFO - Reading model parameters from all_ckpt/ner.ckpt
2019-11-06 14:29:27,944 - train.log - INFO - Reading model parameters from all_ckpt/ner.ckpt
2019-11-06 14:29:39,949 - train.log - INFO - Reading model parameters from all_ckpt/ner.ckpt
2019-11-06 14:29:39,949 - train.log - INFO - Reading model parameters from all_ckpt/ner.ckpt
2019-11-06 14:29:39,949 - train.log - INFO - Reading model parameters from all_ckpt/ner.ckpt
2019-11-06 14:29:39,949 - train.log - INFO - Reading model parameters from all_ckpt/ner.ckpt
2019-11-06 14:29:39,949 - train.log - INFO - Reading model parameters from all_ckpt/ner.ckpt
2019-11-06 14:29:48,405 - train.log - INFO - Reading model parameters from all_ckpt/ner.ckpt
2019-11-06 14:29:48,405 - train.log - INFO - Reading model parameters from all_ckpt/ner.ckpt
2019-11-06 14:29:48,405 - train.log - INFO - Reading model parameters from all_ckpt/ner.ckpt
2019-11-06 14:29:48,405 - train.log - INFO - Reading model parameters from all_ckpt/ner.ckpt
2019-11-06 14:29:48,405 - train.log - INFO - Reading model parameters from all_ckpt/ner.ckpt
2019-11-06 14:29:48,405 - train.log - INFO - Reading model parameters from all_ckpt/ner.ckpt
2019-11-06 14:50:37,365 - train.log - INFO - Reading model parameters from all_ckpt/ner.ckpt
2019-11-06 14:51:44,171 - train.log - INFO - Reading model parameters from all_ckpt/ner.ckpt
2019-11-06 14:51:55,537 - train.log - INFO - Reading model parameters from all_ckpt/ner.ckpt
2019-11-06 14:52:14,155 - train.log - INFO - Reading model parameters from all_ckpt/ner.ckpt
2019-11-06 14:52:14,155 - train.log - INFO - Reading model parameters from all_ckpt/ner.ckpt
2019-11-06 14:52:19,597 - train.log - INFO - Reading model parameters from all_ckpt/ner.ckpt
2019-11-06 14:52:19,597 - train.log - INFO - Reading model parameters from all_ckpt/ner.ckpt
2019-11-06 14:52:19,597 - train.log - INFO - Reading model parameters from all_ckpt/ner.ckpt
2019-11-06 14:52:40,770 - train.log - INFO - Reading model parameters from all_ckpt/ner.ckpt
2019-11-06 14:52:40,770 - train.log - INFO - Reading model parameters from all_ckpt/ner.ckpt
2019-11-06 14:52:40,770 - train.log - INFO - Reading model parameters from all_ckpt/ner.ckpt
2019-11-06 14:52:40,770 - train.log - INFO - Reading model parameters from all_ckpt/ner.ckpt
2019-11-06 14:52:59,067 - train.log - INFO - Reading model parameters from all_ckpt/ner.ckpt
2019-11-06 14:52:59,067 - train.log - INFO - Reading model parameters from all_ckpt/ner.ckpt
2019-11-06 14:52:59,067 - train.log - INFO - Reading model parameters from all_ckpt/ner.ckpt
2019-11-06 14:52:59,067 - train.log - INFO - Reading model parameters from all_ckpt/ner.ckpt
2019-11-06 14:52:59,067 - train.log - INFO - Reading model parameters from all_ckpt/ner.ckpt
2019-11-06 14:53:14,576 - train.log - INFO - Reading model parameters from all_ckpt/ner.ckpt
2019-11-06 14:53:14,576 - train.log - INFO - Reading model parameters from all_ckpt/ner.ckpt
2019-11-06 14:53:14,576 - train.log - INFO - Reading model parameters from all_ckpt/ner.ckpt
2019-11-06 14:53:14,576 - train.log - INFO - Reading model parameters from all_ckpt/ner.ckpt
2019-11-06 14:53:14,576 - train.log - INFO - Reading model parameters from all_ckpt/ner.ckpt
2019-11-06 14:53:14,576 - train.log - INFO - Reading model parameters from all_ckpt/ner.ckpt
2019-11-06 15:00:22,023 - train.log - INFO - Reading model parameters from all_ckpt/ner.ckpt
2019-11-06 15:27:47,334 - train.log - INFO - Reading model parameters from all_ckpt/ner.ckpt
2019-11-06 15:28:05,981 - train.log - INFO - Reading model parameters from all_ckpt/ner.ckpt
2019-11-06 15:28:05,981 - train.log - INFO - Reading model parameters from all_ckpt/ner.ckpt
2019-11-06 15:28:21,099 - train.log - INFO - Reading model parameters from all_ckpt/ner.ckpt
2019-11-06 15:28:21,099 - train.log - INFO - Reading model parameters from all_ckpt/ner.ckpt
2019-11-06 15:28:21,099 - train.log - INFO - Reading model parameters from all_ckpt/ner.ckpt
2019-11-06 15:28:38,815 - train.log - INFO - Reading model parameters from all_ckpt/ner.ckpt
2019-11-06 15:28:38,815 - train.log - INFO - Reading model parameters from all_ckpt/ner.ckpt
2019-11-06 15:28:38,815 - train.log - INFO - Reading model parameters from all_ckpt/ner.ckpt
2019-11-06 15:28:38,815 - train.log - INFO - Reading model parameters from all_ckpt/ner.ckpt
2019-11-06 15:28:56,869 - train.log - INFO - Reading model parameters from all_ckpt/ner.ckpt
2019-11-06 15:28:56,869 - train.log - INFO - Reading model parameters from all_ckpt/ner.ckpt
2019-11-06 15:28:56,869 - train.log - INFO - Reading model parameters from all_ckpt/ner.ckpt
2019-11-06 15:28:56,869 - train.log - INFO - Reading model parameters from all_ckpt/ner.ckpt
2019-11-06 15:28:56,869 - train.log - INFO - Reading model parameters from all_ckpt/ner.ckpt
2019-11-06 15:31:22,548 - train.log - INFO - Reading model parameters from all_ckpt/ner.ckpt
2019-11-06 15:31:51,983 - train.log - INFO - Reading model parameters from all_ckpt/ner.ckpt
2019-11-06 15:31:51,983 - train.log - INFO - Reading model parameters from all_ckpt/ner.ckpt
2019-11-06 15:32:48,141 - train.log - INFO - Reading model parameters from all_ckpt/ner.ckpt
2019-11-06 15:33:15,366 - train.log - INFO - Reading model parameters from all_ckpt/ner.ckpt
2019-11-06 15:33:15,366 - train.log - INFO - Reading model parameters from all_ckpt/ner.ckpt
2019-11-06 21:35:14,123 - train.log - INFO - Reading model parameters from all_ckpt/ner.ckpt
2019-11-06 21:36:07,748 - train.log - INFO - Reading model parameters from all_ckpt/ner.ckpt
2019-11-06 21:38:16,812 - train.log - INFO - Reading model parameters from all_ckpt/ner.ckpt
2019-11-06 22:44:42,171 - train.log - INFO - Reading model parameters from all_ckpt/ner.ckpt
2019-11-07 10:54:44,283 - train.log - INFO - Reading model parameters from all_ckpt/ner.ckpt
2019-11-07 10:55:50,093 - train.log - INFO - Reading model parameters from all_ckpt/ner.ckpt
2019-11-07 10:55:50,093 - train.log - INFO - Reading model parameters from all_ckpt/ner.ckpt
2019-11-07 11:19:46,104 - train.log - INFO - Reading model parameters from all_ckpt/ner.ckpt
2019-11-07 11:20:45,276 - train.log - INFO - Reading model parameters from all_ckpt/ner.ckpt
2019-11-07 11:20:45,276 - train.log - INFO - Reading model parameters from all_ckpt/ner.ckpt
2019-11-07 11:22:14,019 - train.log - INFO - Reading model parameters from all_ckpt/ner.ckpt
2019-11-07 11:22:37,216 - train.log - INFO - Reading model parameters from all_ckpt/ner.ckpt
2019-11-07 11:22:54,673 - train.log - INFO - Reading model parameters from all_ckpt/ner.ckpt
2019-11-07 11:23:27,701 - train.log - INFO - Reading model parameters from all_ckpt/ner.ckpt
2019-11-07 11:23:27,701 - train.log - INFO - Reading model parameters from all_ckpt/ner.ckpt
2019-11-07 11:28:43,961 - train.log - INFO - Reading model parameters from all_ckpt/ner.ckpt
2019-11-07 11:28:59,816 - train.log - INFO - Reading model parameters from all_ckpt/ner.ckpt
2019-11-07 11:28:59,816 - train.log - INFO - Reading model parameters from all_ckpt/ner.ckpt
2019-11-07 11:33:48,291 - train.log - INFO - Reading model parameters from all_ckpt/ner.ckpt
2019-11-07 12:56:33,933 - train.log - INFO - Reading model parameters from all_ckpt/ner.ckpt
2019-11-07 12:57:00,812 - train.log - INFO - Reading model parameters from all_ckpt/ner.ckpt
2019-11-07 12:57:00,812 - train.log - INFO - Reading model parameters from all_ckpt/ner.ckpt
2019-11-07 12:58:20,515 - train.log - INFO - Reading model parameters from all_ckpt/ner.ckpt
2019-11-07 13:03:16,675 - train.log - INFO - Reading model parameters from all_ckpt/ner.ckpt
2019-11-07 13:05:43,763 - train.log - INFO - Reading model parameters from all_ckpt/ner.ckpt
2019-11-07 13:07:08,337 - train.log - INFO - Reading model parameters from all_ckpt/ner.ckpt
2019-11-07 13:08:44,993 - train.log - INFO - Reading model parameters from all_ckpt/ner.ckpt
2019-11-07 13:11:32,630 - train.log - INFO - Reading model parameters from all_ckpt/ner.ckpt
2019-11-07 14:16:51,394 - train.log - INFO - Reading model parameters from all_ckpt/ner.ckpt
2019-11-07 14:22:06,539 - train.log - INFO - Reading model parameters from all_ckpt/ner.ckpt
2019-11-07 14:23:43,555 - train.log - INFO - Reading model parameters from all_ckpt/ner.ckpt
2019-11-07 14:32:30,806 - train.log - INFO - Reading model parameters from all_ckpt/ner.ckpt
2019-11-07 14:35:06,164 - train.log - INFO - Reading model parameters from all_ckpt/ner.ckpt
2019-11-07 14:35:36,618 - train.log - INFO - Reading model parameters from all_ckpt/ner.ckpt
2019-11-07 14:37:32,496 - train.log - INFO - Reading model parameters from all_ckpt/ner.ckpt
2019-11-07 14:39:09,602 - train.log - INFO - Reading model parameters from all_ckpt/ner.ckpt
2019-11-07 14:40:10,368 - train.log - INFO - Reading model parameters from all_ckpt/ner.ckpt
2019-11-07 14:43:45,889 - train.log - INFO - Reading model parameters from all_ckpt/ner.ckpt
2019-11-07 19:28:12,529 - train.log - INFO - Reading model parameters from all_ckpt/ner.ckpt
2019-11-07 19:29:11,404 - train.log - INFO - Reading model parameters from all_ckpt/ner.ckpt
2019-11-07 19:30:59,440 - train.log - INFO - Reading model parameters from all_ckpt/ner.ckpt
2019-11-07 19:31:54,849 - train.log - INFO - Reading model parameters from all_ckpt/ner.ckpt
2019-11-07 19:40:37,459 - train.log - INFO - Reading model parameters from all_ckpt/ner.ckpt
2019-11-07 20:36:18,297 - train.log - INFO - Reading model parameters from all_ckpt/ner.ckpt
2019-11-07 20:38:05,139 - train.log - INFO - Reading model parameters from all_ckpt/ner.ckpt
2019-11-07 20:41:42,211 - train.log - INFO - Reading model parameters from all_ckpt/ner.ckpt
2019-11-07 20:42:44,059 - train.log - INFO - Reading model parameters from all_ckpt/ner.ckpt
2019-11-07 20:43:18,415 - train.log - INFO - Reading model parameters from all_ckpt/ner.ckpt
2019-11-07 20:43:53,289 - train.log - INFO - Reading model parameters from all_ckpt/ner.ckpt
2019-11-07 20:44:28,536 - train.log - INFO - Reading model parameters from all_ckpt/ner.ckpt
2019-11-07 20:47:55,083 - train.log - INFO - Reading model parameters from all_ckpt/ner.ckpt
2019-11-07 20:48:39,067 - train.log - INFO - Reading model parameters from all_ckpt/ner.ckpt
2019-11-07 20:49:35,709 - train.log - INFO - Reading model parameters from all_ckpt/ner.ckpt
2019-11-08 09:57:17,049 - train.log - INFO - Reading model parameters from all_ckpt/ner.ckpt
2019-11-08 09:58:17,022 - train.log - INFO - Reading model parameters from all_ckpt/ner.ckpt
2019-11-08 09:58:17,022 - train.log - INFO - Reading model parameters from all_ckpt/ner.ckpt
2019-11-08 09:58:25,306 - train.log - INFO - Reading model parameters from all_ckpt/ner.ckpt
2019-11-08 09:58:25,306 - train.log - INFO - Reading model parameters from all_ckpt/ner.ckpt
2019-11-08 09:58:25,306 - train.log - INFO - Reading model parameters from all_ckpt/ner.ckpt
2019-11-11 10:06:19,427 - train.log - INFO - Reading model parameters from all_ckpt/ner.ckpt
2019-11-11 10:07:26,032 - train.log - INFO - Reading model parameters from all_ckpt/ner.ckpt
2019-11-11 10:07:26,032 - train.log - INFO - Reading model parameters from all_ckpt/ner.ckpt
2019-11-11 10:07:42,572 - train.log - INFO - Reading model parameters from all_ckpt/ner.ckpt
2019-11-11 10:07:42,572 - train.log - INFO - Reading model parameters from all_ckpt/ner.ckpt
2019-11-11 10:07:42,572 - train.log - INFO - Reading model parameters from all_ckpt/ner.ckpt
2019-11-11 10:07:56,578 - train.log - INFO - Reading model parameters from all_ckpt/ner.ckpt
2019-11-11 10:07:56,578 - train.log - INFO - Reading model parameters from all_ckpt/ner.ckpt
2019-11-11 10:07:56,578 - train.log - INFO - Reading model parameters from all_ckpt/ner.ckpt
2019-11-11 10:07:56,578 - train.log - INFO - Reading model parameters from all_ckpt/ner.ckpt
2019-11-11 10:08:29,090 - train.log - INFO - Reading model parameters from all_ckpt/ner.ckpt
2019-11-11 10:08:29,090 - train.log - INFO - Reading model parameters from all_ckpt/ner.ckpt
2019-11-11 10:08:29,090 - train.log - INFO - Reading model parameters from all_ckpt/ner.ckpt
2019-11-11 10:08:29,090 - train.log - INFO - Reading model parameters from all_ckpt/ner.ckpt
2019-11-11 10:08:29,090 - train.log - INFO - Reading model parameters from all_ckpt/ner.ckpt
2019-11-11 10:25:48,100 - train.log - INFO - Reading model parameters from all_ckpt/ner.ckpt
2019-11-11 10:26:06,179 - train.log - INFO - Reading model parameters from all_ckpt/ner.ckpt
2019-11-11 10:27:14,026 - train.log - INFO - Reading model parameters from all_ckpt/ner.ckpt
2019-11-11 10:27:14,026 - train.log - INFO - Reading model parameters from all_ckpt/ner.ckpt
2019-11-11 10:27:27,964 - train.log - INFO - Reading model parameters from all_ckpt/ner.ckpt
2019-11-11 10:27:27,964 - train.log - INFO - Reading model parameters from all_ckpt/ner.ckpt
2019-11-11 10:27:27,964 - train.log - INFO - Reading model parameters from all_ckpt/ner.ckpt
2019-11-11 10:29:07,485 - train.log - INFO - Reading model parameters from all_ckpt/ner.ckpt
2019-11-11 20:33:35,885 - train.log - INFO - Reading model parameters from ckpt/ner.ckpt
2019-11-12 08:06:38,089 - train.log - INFO - Reading model parameters from ckpt/ner.ckpt
2019-11-12 08:07:12,650 - train.log - INFO - Reading model parameters from ckpt/ner.ckpt
2019-11-12 08:30:44,481 - train.log - INFO - Reading model parameters from ckpt/ner.ckpt
2019-11-12 08:44:07,381 - train.log - INFO - Reading model parameters from ckpt/ner.ckpt
2019-11-12 09:25:11,567 - train.log - INFO - Reading model parameters from ckpt/ner.ckpt
2019-11-12 09:25:50,129 - train.log - INFO - Reading model parameters from ckpt/ner.ckpt
2019-11-12 09:29:03,540 - train.log - INFO - Reading model parameters from ckpt/ner.ckpt
2019-11-13 09:04:06,625 - train.log - INFO - Reading model parameters from ckpt/ner.ckpt
2019-11-13 10:41:16,982 - train.log - INFO - Reading model parameters from ckpt/ner.ckpt
2019-11-13 16:02:07,967 - train.log - INFO - Reading model parameters from ckpt/ner.ckpt
2019-11-13 16:03:32,348 - train.log - INFO - Reading model parameters from ckpt/ner.ckpt
2019-11-13 16:05:34,132 - train.log - INFO - Reading model parameters from ckpt/ner.ckpt
2019-11-13 16:08:08,720 - train.log - INFO - Reading model parameters from ckpt/ner.ckpt
2019-11-13 16:08:53,630 - train.log - INFO - Reading model parameters from ckpt/ner.ckpt
2019-11-13 16:20:34,741 - train.log - INFO - Reading model parameters from ckpt/ner.ckpt
2019-11-13 17:02:31,609 - train.log - INFO - Reading model parameters from ckpt/ner.ckpt
2019-11-13 17:05:00,938 - train.log - INFO - Reading model parameters from ckpt/ner.ckpt
2019-11-13 17:14:00,757 - train.log - INFO - Reading model parameters from all_ckpt/ner.ckpt
2019-11-13 17:15:04,648 - train.log - INFO - Reading model parameters from all_ckpt/ner.ckpt
2019-11-13 17:15:19,947 - train.log - INFO - Reading model parameters from all_ckpt/ner.ckpt
2019-11-13 17:17:48,634 - train.log - INFO - Reading model parameters from ckpt/ner.ckpt
2019-11-13 17:25:54,118 - train.log - INFO - Reading model parameters from ckpt/ner.ckpt
2019-11-13 17:29:16,565 - train.log - INFO - Reading model parameters from ckpt/ner.ckpt
2019-11-13 17:33:28,662 - train.log - INFO - Reading model parameters from ckpt/ner.ckpt
2019-11-13 17:42:48,798 - train.log - INFO - Reading model parameters from ckpt/ner.ckpt
2019-11-13 17:43:44,327 - train.log - INFO - Reading model parameters from ckpt/ner.ckpt
2019-11-13 17:45:45,471 - train.log - INFO - Reading model parameters from ckpt/ner.ckpt
2019-11-13 18:21:52,913 - train.log - INFO - Reading model parameters from ckpt/ner.ckpt
2019-11-13 18:22:17,534 - train.log - INFO - Reading model parameters from ckpt/ner.ckpt
2019-11-13 18:30:23,910 - train.log - INFO - Reading model parameters from ckpt/ner.ckpt
2019-11-13 18:33:58,692 - train.log - INFO - Reading model parameters from ckpt/ner.ckpt
2019-11-13 18:34:31,061 - train.log - INFO - Reading model parameters from ckpt/ner.ckpt
2019-11-13 18:35:17,652 - train.log - INFO - Reading model parameters from ckpt/ner.ckpt
2019-11-13 18:37:05,285 - train.log - INFO - Reading model parameters from ckpt/ner.ckpt
2019-11-14 08:12:53,062 - train.log - INFO - Reading model parameters from ckpt/ner.ckpt
2019-11-14 08:13:32,134 - train.log - INFO - Reading model parameters from ckpt/ner.ckpt
2019-11-14 08:15:39,143 - train.log - INFO - Reading model parameters from ckpt/ner.ckpt
2019-11-14 10:13:52,800 - train.log - INFO - Reading model parameters from ckpt/ner.ckpt
2019-11-14 10:19:46,543 - train.log - INFO - Reading model parameters from ckpt/ner.ckpt
2019-11-14 10:20:42,896 - train.log - INFO - Reading model parameters from ckpt/ner.ckpt
2019-11-14 10:22:23,126 - train.log - INFO - Reading model parameters from ckpt/ner.ckpt
2019-11-14 10:22:52,695 - train.log - INFO - Reading model parameters from ckpt/ner.ckpt
2019-11-14 10:31:02,485 - train.log - INFO - Reading model parameters from ckpt/ner.ckpt
2019-11-14 10:32:04,687 - train.log - INFO - Reading model parameters from ckpt/ner.ckpt
2019-11-14 10:39:03,363 - train.log - INFO - Reading model parameters from ckpt/ner.ckpt
2019-11-14 11:27:51,423 - train.log - INFO - Reading model parameters from ckpt/ner.ckpt
2019-11-14 11:47:01,693 - train.log - INFO - Reading model parameters from ckpt/ner.ckpt
2019-11-14 11:47:25,482 - train.log - INFO - Reading model parameters from ckpt/ner.ckpt
2019-11-14 11:49:36,888 - train.log - INFO - Reading model parameters from ckpt/ner.ckpt
2019-11-14 11:51:29,808 - train.log - INFO - Reading model parameters from ckpt/ner.ckpt
2019-11-14 11:52:11,367 - train.log - INFO - Reading model parameters from ckpt/ner.ckpt
2019-11-14 11:54:06,202 - train.log - INFO - Reading model parameters from ckpt/ner.ckpt
2019-11-14 11:55:59,605 - train.log - INFO - Reading model parameters from ckpt/ner.ckpt
2019-11-14 11:56:07,171 - train.log - INFO - Reading model parameters from ckpt/ner.ckpt
2019-11-14 11:56:07,171 - train.log - INFO - Reading model parameters from ckpt/ner.ckpt
2019-11-14 11:57:59,811 - train.log - INFO - Reading model parameters from ckpt/ner.ckpt
2019-11-14 12:00:12,315 - train.log - INFO - Reading model parameters from ckpt/ner.ckpt
2019-11-14 12:01:52,482 - train.log - INFO - Reading model parameters from ckpt/ner.ckpt
2019-11-14 12:06:28,464 - train.log - INFO - Reading model parameters from ckpt/ner.ckpt
2019-11-14 12:07:05,461 - train.log - INFO - Reading model parameters from all_ckpt/ner.ckpt
2019-11-14 12:07:05,461 - train.log - INFO - Reading model parameters from all_ckpt/ner.ckpt
2019-11-14 12:08:48,042 - train.log - INFO - Reading model parameters from ckpt/ner.ckpt
2019-11-14 12:09:16,283 - train.log - INFO - Reading model parameters from all_ckpt/ner.ckpt
2019-11-14 12:09:16,283 - train.log - INFO - Reading model parameters from all_ckpt/ner.ckpt
2019-11-14 12:09:54,365 - train.log - INFO - Reading model parameters from ckpt/ner.ckpt
2019-11-14 12:10:12,291 - train.log - INFO - Reading model parameters from ckpt/ner.ckpt
2019-11-14 12:10:12,291 - train.log - INFO - Reading model parameters from ckpt/ner.ckpt
2019-11-14 12:10:30,351 - train.log - INFO - Reading model parameters from ckpt/ner.ckpt
2019-11-14 12:10:30,351 - train.log - INFO - Reading model parameters from ckpt/ner.ckpt
2019-11-14 12:10:30,351 - train.log - INFO - Reading model parameters from ckpt/ner.ckpt
2019-11-14 12:10:43,322 - train.log - INFO - Reading model parameters from ckpt/ner.ckpt
2019-11-14 12:10:43,322 - train.log - INFO - Reading model parameters from ckpt/ner.ckpt
2019-11-14 12:10:43,322 - train.log - INFO - Reading model parameters from ckpt/ner.ckpt
2019-11-14 12:10:43,322 - train.log - INFO - Reading model parameters from ckpt/ner.ckpt
2019-11-14 13:41:27,714 - train.log - INFO - Reading model parameters from ckpt/ner.ckpt
2019-11-14 13:50:47,492 - train.log - INFO - Reading model parameters from ckpt/ner.ckpt
2019-11-14 13:51:44,125 - train.log - INFO - Reading model parameters from ckpt/ner.ckpt
2019-11-14 13:52:13,398 - train.log - INFO - Reading model parameters from ckpt/ner.ckpt
2019-11-14 13:52:13,398 - train.log - INFO - Reading model parameters from ckpt/ner.ckpt
2019-11-14 14:44:50,328 - train.log - INFO - Reading model parameters from ckpt/ner.ckpt
